<?xml version="1.0" encoding="UTF-8"?>
<!-- Generated by org.testng.reporters.JUnitReportReporter -->
<testsuite hostname="sys" name="com.example.TestNG_Maven.AppTest" tests="1" failures="0" timestamp="13 Jun 2015 12:41:15 GMT" time="4.066" errors="0">
  <testcase name="testCase1" time="4.066" classname="com.example.TestNG_Maven.AppTest"/>
</testsuite> <!-- com.example.TestNG_Maven.AppTest -->
