<?xml version="1.0" encoding="UTF-8"?>
<!-- Generated by org.testng.reporters.JUnitReportReporter -->
<testsuite hostname="sys" name="com.example.TestNG_Maven.AppTest" tests="3" failures="0" timestamp="2 Jun 2015 18:04:45 GMT" time="0.017" errors="0">
  <testcase name="testCase2" time="0.001" classname="com.example.TestNG_Maven.AppTest"/>
  <testcase name="testCase3" time="0.000" classname="com.example.TestNG_Maven.AppTest"/>
  <testcase name="testCase1" time="0.016" classname="com.example.TestNG_Maven.AppTest"/>
</testsuite> <!-- com.example.TestNG_Maven.AppTest -->
